  [1m[35mSQL (0.0ms)[0m  [1m[35mSET search_path TO public /*application='Dummy'*/[0m
  [1m[35m (193.3ms)[0m  [1m[35mCREATE DATABASE "dummy_development" ENCODING = 'unicode' /*application='Dummy'*/[0m
  [1m[35mSQL (0.1ms)[0m  [1m[35mSET search_path TO public /*application='Dummy'*/[0m
  [1m[35m (100.6ms)[0m  [1m[35mCREATE DATABASE "dummy_test" ENCODING = 'unicode' /*application='Dummy'*/[0m
  [1m[35mSQL (0.1ms)[0m  [1m[35mSET search_path TO public /*application='Dummy'*/[0m
  [1m[35m (169.4ms)[0m  [1m[35mCREATE DATABASE "pg_taggable_development" ENCODING = 'unicode' /*application='Dummy'*/[0m
  [1m[35m (3.4ms)[0m  [1m[35mCREATE TABLE "schema_migrations" ("version" character varying NOT NULL PRIMARY KEY) /*application='Dummy'*/[0m
  [1m[35m (1.1ms)[0m  [1m[35mCREATE TABLE "ar_internal_metadata" ("key" character varying NOT NULL PRIMARY KEY, "value" character varying, "created_at" timestamp(6) NOT NULL, "updated_at" timestamp(6) NOT NULL) /*application='Dummy'*/[0m
  [1m[35m (0.3ms)[0m  [1m[34mSELECT pg_try_advisory_lock(7921313792007798945) /*application='Dummy'*/[0m
  [1m[36mActiveRecord::SchemaMigration Load (0.6ms)[0m  [1m[34mSELECT "schema_migrations"."version" FROM "schema_migrations" ORDER BY "schema_migrations"."version" ASC /*application='Dummy'*/[0m
  [1m[36mActiveRecord::InternalMetadata Load (0.6ms)[0m  [1m[34mSELECT * FROM "ar_internal_metadata" WHERE "ar_internal_metadata"."key" = 'environment' ORDER BY "ar_internal_metadata"."key" ASC LIMIT 1 /*application='Dummy'*/[0m
  [1m[36mActiveRecord::InternalMetadata Create (1.0ms)[0m  [1m[32mINSERT INTO "ar_internal_metadata" ("key", "value", "created_at", "updated_at") VALUES ('environment', 'development', '2025-03-28 08:12:57.975981', '2025-03-28 08:12:57.975985') RETURNING "key" /*application='Dummy'*/[0m
Migrating to CreateUsers (20250328080857)
  [1m[36mTRANSACTION (0.1ms)[0m  [1m[35mBEGIN /*application='Dummy'*/[0m
  [1m[35m (3.3ms)[0m  [1m[35mCREATE TABLE "users" ("id" bigserial primary key, "created_at" timestamp(6) NOT NULL, "updated_at" timestamp(6) NOT NULL) /*application='Dummy'*/[0m
  [1m[36mActiveRecord::SchemaMigration Create (0.2ms)[0m  [1m[32mINSERT INTO "schema_migrations" ("version") VALUES ('20250328080857') RETURNING "version" /*application='Dummy'*/[0m
  [1m[36mTRANSACTION (0.3ms)[0m  [1m[35mCOMMIT /*application='Dummy'*/[0m
Migrating to CreatePosts (20250328080915)
  [1m[36mTRANSACTION (0.0ms)[0m  [1m[35mBEGIN /*application='Dummy'*/[0m
  [1m[35mSQL (59.4ms)[0m  [1m[35mCREATE EXTENSION IF NOT EXISTS "citext" /*application='Dummy'*/[0m
  [1m[35mSQL (343.9ms)[0m  [1m[35mCREATE EXTENSION IF NOT EXISTS "uuid-ossp" /*application='Dummy'*/[0m
  [1m[36mTRANSACTION (0.2ms)[0m  [1m[31mROLLBACK /*application='Dummy'*/[0m
  [1m[35m (0.2ms)[0m  [1m[34mSELECT pg_advisory_unlock(7921313792007798945) /*application='Dummy'*/[0m
  [1m[36mActiveRecord::SchemaMigration Load (0.8ms)[0m  [1m[34mSELECT "schema_migrations"."version" FROM "schema_migrations" ORDER BY "schema_migrations"."version" ASC /*application='Dummy'*/[0m
  [1m[36mActiveRecord::SchemaMigration Load (0.3ms)[0m  [1m[34mSELECT "schema_migrations"."version" FROM "schema_migrations" ORDER BY "schema_migrations"."version" ASC /*application='Dummy'*/[0m
  [1m[36mActiveRecord::SchemaMigration Load (0.1ms)[0m  [1m[34mSELECT "schema_migrations"."version" FROM "schema_migrations" ORDER BY "schema_migrations"."version" ASC /*application='Dummy'*/[0m
  [1m[35m (0.1ms)[0m  [1m[34mSELECT pg_try_advisory_lock(7921313792007798945) /*application='Dummy'*/[0m
  [1m[36mActiveRecord::SchemaMigration Load (0.1ms)[0m  [1m[34mSELECT "schema_migrations"."version" FROM "schema_migrations" ORDER BY "schema_migrations"."version" ASC /*application='Dummy'*/[0m
Migrating to CreateUsers (20250328080857)
  [1m[36mTRANSACTION (0.1ms)[0m  [1m[35mBEGIN /*application='Dummy'*/[0m
  [1m[35m (3.9ms)[0m  [1m[35mDROP TABLE "users" /*application='Dummy'*/[0m
  [1m[36mActiveRecord::SchemaMigration Destroy (0.9ms)[0m  [1m[31mDELETE FROM "schema_migrations" WHERE "schema_migrations"."version" = '20250328080857' /*application='Dummy'*/[0m
  [1m[36mTRANSACTION (2.0ms)[0m  [1m[35mCOMMIT /*application='Dummy'*/[0m
  [1m[35m (0.2ms)[0m  [1m[34mSELECT pg_advisory_unlock(7921313792007798945) /*application='Dummy'*/[0m
  [1m[36mActiveRecord::SchemaMigration Load (0.1ms)[0m  [1m[34mSELECT "schema_migrations"."version" FROM "schema_migrations" ORDER BY "schema_migrations"."version" ASC /*application='Dummy'*/[0m
  [1m[35m (0.2ms)[0m  [1m[34mSELECT pg_try_advisory_lock(7921313792007798945) /*application='Dummy'*/[0m
  [1m[36mActiveRecord::SchemaMigration Load (0.9ms)[0m  [1m[34mSELECT "schema_migrations"."version" FROM "schema_migrations" ORDER BY "schema_migrations"."version" ASC /*application='Dummy'*/[0m
  [1m[36mActiveRecord::InternalMetadata Load (1.8ms)[0m  [1m[34mSELECT * FROM "ar_internal_metadata" WHERE "ar_internal_metadata"."key" = 'environment' ORDER BY "ar_internal_metadata"."key" ASC LIMIT 1 /*application='Dummy'*/[0m
Migrating to CreateUsers (20250328080857)
  [1m[36mTRANSACTION (0.1ms)[0m  [1m[35mBEGIN /*application='Dummy'*/[0m
  [1m[35m (7.5ms)[0m  [1m[35mCREATE TABLE "users" ("id" bigserial primary key, "created_at" timestamp(6) NOT NULL, "updated_at" timestamp(6) NOT NULL) /*application='Dummy'*/[0m
  [1m[36mActiveRecord::SchemaMigration Create (0.3ms)[0m  [1m[32mINSERT INTO "schema_migrations" ("version") VALUES ('20250328080857') RETURNING "version" /*application='Dummy'*/[0m
  [1m[36mTRANSACTION (0.3ms)[0m  [1m[35mCOMMIT /*application='Dummy'*/[0m
Migrating to CreatePosts (20250328080915)
  [1m[36mTRANSACTION (0.0ms)[0m  [1m[35mBEGIN /*application='Dummy'*/[0m
  [1m[35mSQL (19.2ms)[0m  [1m[35mCREATE EXTENSION IF NOT EXISTS "citext" /*application='Dummy'*/[0m
  [1m[35mSQL (3.1ms)[0m  [1m[35mCREATE EXTENSION IF NOT EXISTS "uuid-ossp" /*application='Dummy'*/[0m
  [1m[35m (4.0ms)[0m  [1m[35mCREATE TABLE "posts" ("id" bigserial primary key, "user_id" bigint, "strings" character varying[] DEFAULT '{}', "texts" text[] DEFAULT '{}', "integers" integer[] DEFAULT '{}', "citexts" citext[] DEFAULT '{}', "uuids" uuid[] DEFAULT '{}', "created_at" timestamp(6) NOT NULL, "updated_at" timestamp(6) NOT NULL) /*application='Dummy'*/[0m
  [1m[35m (0.9ms)[0m  [1m[35mCREATE INDEX "index_posts_on_user_id" ON "posts" ("user_id") /*application='Dummy'*/[0m
  [1m[35m (17.9ms)[0m  [1m[35mCREATE INDEX "index_posts_on_strings" ON "posts" USING gin ("strings") /*application='Dummy'*/[0m
  [1m[35m (2.3ms)[0m  [1m[35mCREATE INDEX "index_posts_on_texts" ON "posts" USING gin ("texts") /*application='Dummy'*/[0m
  [1m[35m (2.6ms)[0m  [1m[35mCREATE INDEX "index_posts_on_integers" ON "posts" USING gin ("integers") /*application='Dummy'*/[0m
  [1m[35m (0.9ms)[0m  [1m[35mCREATE INDEX "index_posts_on_citexts" ON "posts" USING gin ("citexts") /*application='Dummy'*/[0m
  [1m[35m (0.8ms)[0m  [1m[35mCREATE INDEX "index_posts_on_uuids" ON "posts" USING gin ("uuids") /*application='Dummy'*/[0m
  [1m[36mActiveRecord::SchemaMigration Create (0.2ms)[0m  [1m[32mINSERT INTO "schema_migrations" ("version") VALUES ('20250328080915') RETURNING "version" /*application='Dummy'*/[0m
  [1m[36mTRANSACTION (0.3ms)[0m  [1m[35mCOMMIT /*application='Dummy'*/[0m
  [1m[35m (0.4ms)[0m  [1m[34mSELECT pg_advisory_unlock(7921313792007798945) /*application='Dummy'*/[0m
  [1m[36mActiveRecord::SchemaMigration Load (0.2ms)[0m  [1m[34mSELECT "schema_migrations"."version" FROM "schema_migrations" ORDER BY "schema_migrations"."version" ASC /*application='Dummy'*/[0m
  [1m[35mSQL (0.1ms)[0m  [1m[35mSET search_path TO public /*application='Dummy'*/[0m
  [1m[35m (12.1ms)[0m  [1m[35mCREATE DATABASE "pg_taggable_development" ENCODING = 'unicode' /*application='Dummy'*/[0m
  [1m[35mSQL (0.1ms)[0m  [1m[35mSET search_path TO public /*application='Dummy'*/[0m
  [1m[35m (169.1ms)[0m  [1m[35mCREATE DATABASE "pg_taggable_test" ENCODING = 'unicode' /*application='Dummy'*/[0m
  [1m[35m (0.2ms)[0m  [1m[34mSELECT pg_try_advisory_lock(7921313792007798945) /*application='Dummy'*/[0m
  [1m[36mActiveRecord::SchemaMigration Load (1.2ms)[0m  [1m[34mSELECT "schema_migrations"."version" FROM "schema_migrations" ORDER BY "schema_migrations"."version" ASC /*application='Dummy'*/[0m
  [1m[36mActiveRecord::InternalMetadata Load (1.2ms)[0m  [1m[34mSELECT * FROM "ar_internal_metadata" WHERE "ar_internal_metadata"."key" = 'environment' ORDER BY "ar_internal_metadata"."key" ASC LIMIT 1 /*application='Dummy'*/[0m
  [1m[35m (0.2ms)[0m  [1m[34mSELECT pg_advisory_unlock(7921313792007798945) /*application='Dummy'*/[0m
  [1m[36mActiveRecord::SchemaMigration Load (0.1ms)[0m  [1m[34mSELECT "schema_migrations"."version" FROM "schema_migrations" ORDER BY "schema_migrations"."version" ASC /*application='Dummy'*/[0m
  [1m[36mActiveRecord::SchemaMigration Load (3.9ms)[0m  [1m[34mSELECT "schema_migrations"."version" FROM "schema_migrations" ORDER BY "schema_migrations"."version" ASC /*application='Dummy'*/[0m
  [1m[36mActiveRecord::SchemaMigration Load (0.2ms)[0m  [1m[34mSELECT "schema_migrations"."version" FROM "schema_migrations" ORDER BY "schema_migrations"."version" ASC /*application='Dummy'*/[0m
  [1m[36mActiveRecord::SchemaMigration Load (0.1ms)[0m  [1m[34mSELECT "schema_migrations"."version" FROM "schema_migrations" ORDER BY "schema_migrations"."version" ASC /*application='Dummy'*/[0m
  [1m[35m (0.3ms)[0m  [1m[34mSELECT pg_try_advisory_lock(7921313792007798945) /*application='Dummy'*/[0m
  [1m[36mActiveRecord::SchemaMigration Load (0.1ms)[0m  [1m[34mSELECT "schema_migrations"."version" FROM "schema_migrations" ORDER BY "schema_migrations"."version" ASC /*application='Dummy'*/[0m
Migrating to CreatePosts (20250328080915)
  [1m[36mTRANSACTION (0.0ms)[0m  [1m[35mBEGIN /*application='Dummy'*/[0m
  [1m[35m (11.6ms)[0m  [1m[35mDROP TABLE "posts" /*application='Dummy'*/[0m
  [1m[36mActiveRecord::SchemaMigration Destroy (1.6ms)[0m  [1m[31mDELETE FROM "schema_migrations" WHERE "schema_migrations"."version" = '20250328080915' /*application='Dummy'*/[0m
  [1m[36mTRANSACTION (7.9ms)[0m  [1m[35mCOMMIT /*application='Dummy'*/[0m
  [1m[35m (0.2ms)[0m  [1m[34mSELECT pg_advisory_unlock(7921313792007798945) /*application='Dummy'*/[0m
  [1m[36mActiveRecord::SchemaMigration Load (0.1ms)[0m  [1m[34mSELECT "schema_migrations"."version" FROM "schema_migrations" ORDER BY "schema_migrations"."version" ASC /*application='Dummy'*/[0m
  [1m[36mActiveRecord::SchemaMigration Load (1.0ms)[0m  [1m[34mSELECT "schema_migrations"."version" FROM "schema_migrations" ORDER BY "schema_migrations"."version" ASC /*application='Dummy'*/[0m
  [1m[36mActiveRecord::SchemaMigration Load (0.2ms)[0m  [1m[34mSELECT "schema_migrations"."version" FROM "schema_migrations" ORDER BY "schema_migrations"."version" ASC /*application='Dummy'*/[0m
  [1m[36mActiveRecord::SchemaMigration Load (0.1ms)[0m  [1m[34mSELECT "schema_migrations"."version" FROM "schema_migrations" ORDER BY "schema_migrations"."version" ASC /*application='Dummy'*/[0m
  [1m[35m (0.1ms)[0m  [1m[34mSELECT pg_try_advisory_lock(7921313792007798945) /*application='Dummy'*/[0m
  [1m[36mActiveRecord::SchemaMigration Load (0.1ms)[0m  [1m[34mSELECT "schema_migrations"."version" FROM "schema_migrations" ORDER BY "schema_migrations"."version" ASC /*application='Dummy'*/[0m
Migrating to CreateUsers (20250328080857)
  [1m[36mTRANSACTION (0.1ms)[0m  [1m[35mBEGIN /*application='Dummy'*/[0m
  [1m[35m (2.2ms)[0m  [1m[35mDROP TABLE "users" /*application='Dummy'*/[0m
  [1m[36mActiveRecord::SchemaMigration Destroy (0.7ms)[0m  [1m[31mDELETE FROM "schema_migrations" WHERE "schema_migrations"."version" = '20250328080857' /*application='Dummy'*/[0m
  [1m[36mTRANSACTION (1.8ms)[0m  [1m[35mCOMMIT /*application='Dummy'*/[0m
  [1m[35m (0.1ms)[0m  [1m[34mSELECT pg_advisory_unlock(7921313792007798945) /*application='Dummy'*/[0m
  [1m[36mActiveRecord::SchemaMigration Load (0.2ms)[0m  [1m[34mSELECT "schema_migrations"."version" FROM "schema_migrations" ORDER BY "schema_migrations"."version" ASC /*application='Dummy'*/[0m
  [1m[35m (0.1ms)[0m  [1m[34mSELECT pg_try_advisory_lock(7921313792007798945) /*application='Dummy'*/[0m
  [1m[36mActiveRecord::SchemaMigration Load (0.8ms)[0m  [1m[34mSELECT "schema_migrations"."version" FROM "schema_migrations" ORDER BY "schema_migrations"."version" ASC /*application='Dummy'*/[0m
  [1m[36mActiveRecord::InternalMetadata Load (1.8ms)[0m  [1m[34mSELECT * FROM "ar_internal_metadata" WHERE "ar_internal_metadata"."key" = 'environment' ORDER BY "ar_internal_metadata"."key" ASC LIMIT 1 /*application='Dummy'*/[0m
Migrating to CreateUsers (20250328080857)
  [1m[36mTRANSACTION (0.1ms)[0m  [1m[35mBEGIN /*application='Dummy'*/[0m
  [1m[35m (16.6ms)[0m  [1m[35mCREATE TABLE "users" ("id" bigserial primary key, "created_at" timestamp(6) NOT NULL, "updated_at" timestamp(6) NOT NULL) /*application='Dummy'*/[0m
  [1m[36mActiveRecord::SchemaMigration Create (0.2ms)[0m  [1m[32mINSERT INTO "schema_migrations" ("version") VALUES ('20250328080857') RETURNING "version" /*application='Dummy'*/[0m
  [1m[36mTRANSACTION (0.5ms)[0m  [1m[35mCOMMIT /*application='Dummy'*/[0m
Migrating to CreatePosts (20250328080915)
  [1m[36mTRANSACTION (0.1ms)[0m  [1m[35mBEGIN /*application='Dummy'*/[0m
  [1m[35m (5.6ms)[0m  [1m[35mCREATE TABLE "posts" ("id" bigserial primary key, "type" character varying, "user_id" bigint, "strings" character varying[] DEFAULT '{}', "texts" text[] DEFAULT '{}', "integers" integer[] DEFAULT '{}', "citexts" citext[] DEFAULT '{}', "uuids" uuid[] DEFAULT '{}', "created_at" timestamp(6) NOT NULL, "updated_at" timestamp(6) NOT NULL) /*application='Dummy'*/[0m
  [1m[35m (1.4ms)[0m  [1m[35mCREATE INDEX "index_posts_on_user_id" ON "posts" ("user_id") /*application='Dummy'*/[0m
  [1m[35m (2.0ms)[0m  [1m[35mCREATE INDEX "index_posts_on_strings" ON "posts" USING gin ("strings") /*application='Dummy'*/[0m
  [1m[35m (1.3ms)[0m  [1m[35mCREATE INDEX "index_posts_on_texts" ON "posts" USING gin ("texts") /*application='Dummy'*/[0m
  [1m[35m (1.2ms)[0m  [1m[35mCREATE INDEX "index_posts_on_integers" ON "posts" USING gin ("integers") /*application='Dummy'*/[0m
  [1m[35m (39.2ms)[0m  [1m[35mCREATE INDEX "index_posts_on_citexts" ON "posts" USING gin ("citexts") /*application='Dummy'*/[0m
  [1m[35m (1.1ms)[0m  [1m[35mCREATE INDEX "index_posts_on_uuids" ON "posts" USING gin ("uuids") /*application='Dummy'*/[0m
  [1m[36mActiveRecord::SchemaMigration Create (0.2ms)[0m  [1m[32mINSERT INTO "schema_migrations" ("version") VALUES ('20250328080915') RETURNING "version" /*application='Dummy'*/[0m
  [1m[36mTRANSACTION (0.6ms)[0m  [1m[35mCOMMIT /*application='Dummy'*/[0m
  [1m[35m (0.6ms)[0m  [1m[34mSELECT pg_advisory_unlock(7921313792007798945) /*application='Dummy'*/[0m
  [1m[36mActiveRecord::SchemaMigration Load (0.2ms)[0m  [1m[34mSELECT "schema_migrations"."version" FROM "schema_migrations" ORDER BY "schema_migrations"."version" ASC /*application='Dummy'*/[0m
  [1m[36mActiveRecord::SchemaMigration Load (3.2ms)[0m  [1m[34mSELECT "schema_migrations"."version" FROM "schema_migrations" ORDER BY "schema_migrations"."version" ASC /*application='Dummy'*/[0m
  [1m[36mActiveRecord::SchemaMigration Load (0.2ms)[0m  [1m[34mSELECT "schema_migrations"."version" FROM "schema_migrations" ORDER BY "schema_migrations"."version" ASC /*application='Dummy'*/[0m
  [1m[36mActiveRecord::SchemaMigration Load (0.1ms)[0m  [1m[34mSELECT "schema_migrations"."version" FROM "schema_migrations" ORDER BY "schema_migrations"."version" ASC /*application='Dummy'*/[0m
  [1m[35m (0.1ms)[0m  [1m[34mSELECT pg_try_advisory_lock(7921313792007798945) /*application='Dummy'*/[0m
  [1m[36mActiveRecord::SchemaMigration Load (0.1ms)[0m  [1m[34mSELECT "schema_migrations"."version" FROM "schema_migrations" ORDER BY "schema_migrations"."version" ASC /*application='Dummy'*/[0m
Migrating to CreatePosts (20250328080915)
  [1m[36mTRANSACTION (0.1ms)[0m  [1m[35mBEGIN /*application='Dummy'*/[0m
  [1m[35m (6.3ms)[0m  [1m[35mDROP TABLE "posts" /*application='Dummy'*/[0m
  [1m[36mActiveRecord::SchemaMigration Destroy (0.5ms)[0m  [1m[31mDELETE FROM "schema_migrations" WHERE "schema_migrations"."version" = '20250328080915' /*application='Dummy'*/[0m
  [1m[36mTRANSACTION (7.2ms)[0m  [1m[35mCOMMIT /*application='Dummy'*/[0m
  [1m[35m (0.2ms)[0m  [1m[34mSELECT pg_advisory_unlock(7921313792007798945) /*application='Dummy'*/[0m
  [1m[36mActiveRecord::SchemaMigration Load (0.2ms)[0m  [1m[34mSELECT "schema_migrations"."version" FROM "schema_migrations" ORDER BY "schema_migrations"."version" ASC /*application='Dummy'*/[0m
  [1m[36mActiveRecord::SchemaMigration Load (1.1ms)[0m  [1m[34mSELECT "schema_migrations"."version" FROM "schema_migrations" ORDER BY "schema_migrations"."version" ASC /*application='Dummy'*/[0m
  [1m[36mActiveRecord::SchemaMigration Load (0.2ms)[0m  [1m[34mSELECT "schema_migrations"."version" FROM "schema_migrations" ORDER BY "schema_migrations"."version" ASC /*application='Dummy'*/[0m
  [1m[36mActiveRecord::SchemaMigration Load (0.2ms)[0m  [1m[34mSELECT "schema_migrations"."version" FROM "schema_migrations" ORDER BY "schema_migrations"."version" ASC /*application='Dummy'*/[0m
  [1m[35m (0.2ms)[0m  [1m[34mSELECT pg_try_advisory_lock(7921313792007798945) /*application='Dummy'*/[0m
  [1m[36mActiveRecord::SchemaMigration Load (0.2ms)[0m  [1m[34mSELECT "schema_migrations"."version" FROM "schema_migrations" ORDER BY "schema_migrations"."version" ASC /*application='Dummy'*/[0m
Migrating to CreateUsers (20250328080857)
  [1m[36mTRANSACTION (0.1ms)[0m  [1m[35mBEGIN /*application='Dummy'*/[0m
  [1m[35m (2.5ms)[0m  [1m[35mDROP TABLE "users" /*application='Dummy'*/[0m
  [1m[36mActiveRecord::SchemaMigration Destroy (0.7ms)[0m  [1m[31mDELETE FROM "schema_migrations" WHERE "schema_migrations"."version" = '20250328080857' /*application='Dummy'*/[0m
  [1m[36mTRANSACTION (2.6ms)[0m  [1m[35mCOMMIT /*application='Dummy'*/[0m
  [1m[35m (0.2ms)[0m  [1m[34mSELECT pg_advisory_unlock(7921313792007798945) /*application='Dummy'*/[0m
  [1m[36mActiveRecord::SchemaMigration Load (0.2ms)[0m  [1m[34mSELECT "schema_migrations"."version" FROM "schema_migrations" ORDER BY "schema_migrations"."version" ASC /*application='Dummy'*/[0m
  [1m[35m (0.2ms)[0m  [1m[34mSELECT pg_try_advisory_lock(7921313792007798945) /*application='Dummy'*/[0m
  [1m[36mActiveRecord::SchemaMigration Load (1.2ms)[0m  [1m[34mSELECT "schema_migrations"."version" FROM "schema_migrations" ORDER BY "schema_migrations"."version" ASC /*application='Dummy'*/[0m
  [1m[36mActiveRecord::InternalMetadata Load (1.8ms)[0m  [1m[34mSELECT * FROM "ar_internal_metadata" WHERE "ar_internal_metadata"."key" = 'environment' ORDER BY "ar_internal_metadata"."key" ASC LIMIT 1 /*application='Dummy'*/[0m
Migrating to CreateUsers (20250328080857)
  [1m[36mTRANSACTION (0.1ms)[0m  [1m[35mBEGIN /*application='Dummy'*/[0m
  [1m[35m (22.4ms)[0m  [1m[35mCREATE TABLE "users" ("id" bigserial primary key, "name" character varying, "created_at" timestamp(6) NOT NULL, "updated_at" timestamp(6) NOT NULL) /*application='Dummy'*/[0m
  [1m[36mActiveRecord::SchemaMigration Create (0.4ms)[0m  [1m[32mINSERT INTO "schema_migrations" ("version") VALUES ('20250328080857') RETURNING "version" /*application='Dummy'*/[0m
  [1m[36mTRANSACTION (0.4ms)[0m  [1m[35mCOMMIT /*application='Dummy'*/[0m
Migrating to CreatePosts (20250328080915)
  [1m[36mTRANSACTION (0.1ms)[0m  [1m[35mBEGIN /*application='Dummy'*/[0m
  [1m[35m (5.6ms)[0m  [1m[35mCREATE TABLE "posts" ("id" bigserial primary key, "type" character varying, "user_id" bigint, "title" character varying, "strings" character varying[] DEFAULT '{}', "texts" text[] DEFAULT '{}', "integers" integer[] DEFAULT '{}', "citexts" citext[] DEFAULT '{}', "uuids" uuid[] DEFAULT '{}', "created_at" timestamp(6) NOT NULL, "updated_at" timestamp(6) NOT NULL) /*application='Dummy'*/[0m
  [1m[35m (0.7ms)[0m  [1m[35mCREATE INDEX "index_posts_on_user_id" ON "posts" ("user_id") /*application='Dummy'*/[0m
  [1m[35m (0.9ms)[0m  [1m[35mCREATE INDEX "index_posts_on_strings" ON "posts" USING gin ("strings") /*application='Dummy'*/[0m
  [1m[35m (0.9ms)[0m  [1m[35mCREATE INDEX "index_posts_on_texts" ON "posts" USING gin ("texts") /*application='Dummy'*/[0m
  [1m[35m (0.8ms)[0m  [1m[35mCREATE INDEX "index_posts_on_integers" ON "posts" USING gin ("integers") /*application='Dummy'*/[0m
  [1m[35m (2.5ms)[0m  [1m[35mCREATE INDEX "index_posts_on_citexts" ON "posts" USING gin ("citexts") /*application='Dummy'*/[0m
  [1m[35m (0.8ms)[0m  [1m[35mCREATE INDEX "index_posts_on_uuids" ON "posts" USING gin ("uuids") /*application='Dummy'*/[0m
  [1m[36mActiveRecord::SchemaMigration Create (0.2ms)[0m  [1m[32mINSERT INTO "schema_migrations" ("version") VALUES ('20250328080915') RETURNING "version" /*application='Dummy'*/[0m
  [1m[36mTRANSACTION (0.2ms)[0m  [1m[35mCOMMIT /*application='Dummy'*/[0m
  [1m[35m (0.3ms)[0m  [1m[34mSELECT pg_advisory_unlock(7921313792007798945) /*application='Dummy'*/[0m
  [1m[36mActiveRecord::SchemaMigration Load (0.1ms)[0m  [1m[34mSELECT "schema_migrations"."version" FROM "schema_migrations" ORDER BY "schema_migrations"."version" ASC /*application='Dummy'*/[0m
  [1m[35m (10.0ms)[0m  [1m[35mCREATE TABLE "schema_migrations" ("version" character varying NOT NULL PRIMARY KEY) /*application='Dummy'*/[0m
  [1m[35m (2.7ms)[0m  [1m[35mCREATE TABLE "ar_internal_metadata" ("key" character varying NOT NULL PRIMARY KEY, "value" character varying, "created_at" timestamp(6) NOT NULL, "updated_at" timestamp(6) NOT NULL) /*application='Dummy'*/[0m
  [1m[36mActiveRecord::SchemaMigration Load (4.1ms)[0m  [1m[34mSELECT "schema_migrations"."version" FROM "schema_migrations" ORDER BY "schema_migrations"."version" ASC /*application='Dummy'*/[0m
  [1m[36mActiveRecord::SchemaMigration Load (0.1ms)[0m  [1m[34mSELECT "schema_migrations"."version" FROM "schema_migrations" ORDER BY "schema_migrations"."version" ASC /*application='Dummy'*/[0m
  [1m[35m (0.4ms)[0m  [1m[34mSELECT pg_try_advisory_lock(7921313792007798945) /*application='Dummy'*/[0m
  [1m[36mActiveRecord::SchemaMigration Load (0.1ms)[0m  [1m[34mSELECT "schema_migrations"."version" FROM "schema_migrations" ORDER BY "schema_migrations"."version" ASC /*application='Dummy'*/[0m
  [1m[35m (0.9ms)[0m  [1m[34mSELECT pg_advisory_unlock(7921313792007798945) /*application='Dummy'*/[0m
  [1m[36mActiveRecord::SchemaMigration Load (0.1ms)[0m  [1m[34mSELECT "schema_migrations"."version" FROM "schema_migrations" ORDER BY "schema_migrations"."version" ASC /*application='Dummy'*/[0m
  [1m[36mActiveRecord::SchemaMigration Load (0.7ms)[0m  [1m[34mSELECT "schema_migrations"."version" FROM "schema_migrations" ORDER BY "schema_migrations"."version" ASC /*application='Dummy'*/[0m
  [1m[36mActiveRecord::SchemaMigration Load (0.1ms)[0m  [1m[34mSELECT "schema_migrations"."version" FROM "schema_migrations" ORDER BY "schema_migrations"."version" ASC /*application='Dummy'*/[0m
  [1m[35m (0.1ms)[0m  [1m[34mSELECT pg_try_advisory_lock(7921313792007798945) /*application='Dummy'*/[0m
  [1m[36mActiveRecord::SchemaMigration Load (0.1ms)[0m  [1m[34mSELECT "schema_migrations"."version" FROM "schema_migrations" ORDER BY "schema_migrations"."version" ASC /*application='Dummy'*/[0m
  [1m[35m (0.1ms)[0m  [1m[34mSELECT pg_advisory_unlock(7921313792007798945) /*application='Dummy'*/[0m
  [1m[36mActiveRecord::SchemaMigration Load (0.1ms)[0m  [1m[34mSELECT "schema_migrations"."version" FROM "schema_migrations" ORDER BY "schema_migrations"."version" ASC /*application='Dummy'*/[0m
  [1m[35m (0.2ms)[0m  [1m[34mSELECT pg_try_advisory_lock(7921313792007798945) /*application='Dummy'*/[0m
  [1m[36mActiveRecord::SchemaMigration Load (1.1ms)[0m  [1m[34mSELECT "schema_migrations"."version" FROM "schema_migrations" ORDER BY "schema_migrations"."version" ASC /*application='Dummy'*/[0m
  [1m[36mActiveRecord::InternalMetadata Load (3.8ms)[0m  [1m[34mSELECT * FROM "ar_internal_metadata" WHERE "ar_internal_metadata"."key" = 'environment' ORDER BY "ar_internal_metadata"."key" ASC LIMIT 1 /*application='Dummy'*/[0m
  [1m[36mActiveRecord::InternalMetadata Create (1.4ms)[0m  [1m[32mINSERT INTO "ar_internal_metadata" ("key", "value", "created_at", "updated_at") VALUES ('environment', 'development', '2025-04-04 15:00:21.077322', '2025-04-04 15:00:21.077324') RETURNING "key" /*application='Dummy'*/[0m
Migrating to CreatePosts (20250328080915)
  [1m[36mTRANSACTION (0.1ms)[0m  [1m[35mBEGIN /*application='Dummy'*/[0m
  [1m[35m (12.9ms)[0m  [1m[35mCREATE TABLE "posts" ("id" bigserial primary key, "type" character varying, "user_id" bigint, "title" character varying, "strings" character varying[] DEFAULT '{}', "texts" text[] DEFAULT '{}', "integers" integer[] DEFAULT '{}', "citexts" citext[] DEFAULT '{}', "uuids" uuid[] DEFAULT '{}', "created_at" timestamp(6) NOT NULL, "updated_at" timestamp(6) NOT NULL) /*application='Dummy'*/[0m
  [1m[35m (1.1ms)[0m  [1m[35mCREATE INDEX "index_posts_on_user_id" ON "posts" ("user_id") /*application='Dummy'*/[0m
  [1m[35m (1.4ms)[0m  [1m[35mCREATE INDEX "index_posts_on_strings" ON "posts" USING gin ("strings") /*application='Dummy'*/[0m
  [1m[35m (1.0ms)[0m  [1m[35mCREATE INDEX "index_posts_on_texts" ON "posts" USING gin ("texts") /*application='Dummy'*/[0m
  [1m[35m (1.1ms)[0m  [1m[35mCREATE INDEX "index_posts_on_integers" ON "posts" USING gin ("integers") /*application='Dummy'*/[0m
  [1m[35m (3.7ms)[0m  [1m[35mCREATE INDEX "index_posts_on_citexts" ON "posts" USING gin ("citexts") /*application='Dummy'*/[0m
  [1m[35m (1.5ms)[0m  [1m[35mCREATE INDEX "index_posts_on_uuids" ON "posts" USING gin ("uuids") /*application='Dummy'*/[0m
  [1m[36mActiveRecord::SchemaMigration Create (0.5ms)[0m  [1m[32mINSERT INTO "schema_migrations" ("version") VALUES ('20250328080915') RETURNING "version" /*application='Dummy'*/[0m
  [1m[36mTRANSACTION (0.5ms)[0m  [1m[35mCOMMIT /*application='Dummy'*/[0m
  [1m[35m (0.6ms)[0m  [1m[34mSELECT pg_advisory_unlock(7921313792007798945) /*application='Dummy'*/[0m
  [1m[36mActiveRecord::SchemaMigration Load (0.2ms)[0m  [1m[34mSELECT "schema_migrations"."version" FROM "schema_migrations" ORDER BY "schema_migrations"."version" ASC /*application='Dummy'*/[0m
  [1m[35m (0.2ms)[0m  [1m[34mSELECT pg_try_advisory_lock(7921313792007798945) /*application='Dummy'*/[0m
  [1m[36mActiveRecord::SchemaMigration Load (5.0ms)[0m  [1m[34mSELECT "schema_migrations"."version" FROM "schema_migrations" ORDER BY "schema_migrations"."version" ASC /*application='Dummy'*/[0m
  [1m[36mActiveRecord::InternalMetadata Load (3.7ms)[0m  [1m[34mSELECT * FROM "ar_internal_metadata" WHERE "ar_internal_metadata"."key" = 'environment' ORDER BY "ar_internal_metadata"."key" ASC LIMIT 1 /*application='Dummy'*/[0m
Migrating to CreateUsers (20250405014623)
  [1m[36mTRANSACTION (0.1ms)[0m  [1m[35mBEGIN /*application='Dummy'*/[0m
  [1m[35m (21.6ms)[0m  [1m[35mCREATE TABLE "users" ("id" bigserial primary key, "created_at" timestamp(6) NOT NULL, "updated_at" timestamp(6) NOT NULL) /*application='Dummy'*/[0m
  [1m[36mActiveRecord::SchemaMigration Create (0.3ms)[0m  [1m[32mINSERT INTO "schema_migrations" ("version") VALUES ('20250405014623') RETURNING "version" /*application='Dummy'*/[0m
  [1m[36mTRANSACTION (1.8ms)[0m  [1m[35mCOMMIT /*application='Dummy'*/[0m
  [1m[35m (0.5ms)[0m  [1m[34mSELECT pg_advisory_unlock(7921313792007798945) /*application='Dummy'*/[0m
  [1m[36mActiveRecord::SchemaMigration Load (0.2ms)[0m  [1m[34mSELECT "schema_migrations"."version" FROM "schema_migrations" ORDER BY "schema_migrations"."version" ASC /*application='Dummy'*/[0m
